Determining if the pthread_create exist failed with the following output:
Change Dir: /home/tue-me-minicar-laptop-02/hector_ws/build/CMakeFiles/CMakeTmp

Run Build Command:"/usr/bin/make" "cmTC_cd9a7/fast"
/usr/bin/make -f CMakeFiles/cmTC_cd9a7.dir/build.make CMakeFiles/cmTC_cd9a7.dir/build
make[1]: Entering directory '/home/tue-me-minicar-laptop-02/hector_ws/build/CMakeFiles/CMakeTmp'
Building C object CMakeFiles/cmTC_cd9a7.dir/CheckSymbolExists.c.o
/usr/bin/cc    -o CMakeFiles/cmTC_cd9a7.dir/CheckSymbolExists.c.o   -c /home/tue-me-minicar-laptop-02/hector_ws/build/CMakeFiles/CMakeTmp/CheckSymbolExists.c
Linking C executable cmTC_cd9a7
/usr/bin/cmake -E cmake_link_script CMakeFiles/cmTC_cd9a7.dir/link.txt --verbose=1
/usr/bin/cc      -rdynamic CMakeFiles/cmTC_cd9a7.dir/CheckSymbolExists.c.o  -o cmTC_cd9a7 
CMakeFiles/cmTC_cd9a7.dir/CheckSymbolExists.c.o: In function `main':
CheckSymbolExists.c:(.text+0x1b): undefined reference to `pthread_create'
collect2: error: ld returned 1 exit status
CMakeFiles/cmTC_cd9a7.dir/build.make:97: recipe for target 'cmTC_cd9a7' failed
make[1]: *** [cmTC_cd9a7] Error 1
make[1]: Leaving directory '/home/tue-me-minicar-laptop-02/hector_ws/build/CMakeFiles/CMakeTmp'
Makefile:126: recipe for target 'cmTC_cd9a7/fast' failed
make: *** [cmTC_cd9a7/fast] Error 2

File /home/tue-me-minicar-laptop-02/hector_ws/build/CMakeFiles/CMakeTmp/CheckSymbolExists.c:
/* */
#include <pthread.h>

int main(int argc, char** argv)
{
  (void)argv;
#ifndef pthread_create
  return ((int*)(&pthread_create))[argc];
#else
  (void)argc;
  return 0;
#endif
}

Determining if the function pthread_create exists in the pthreads failed with the following output:
Change Dir: /home/tue-me-minicar-laptop-02/hector_ws/build/CMakeFiles/CMakeTmp

Run Build Command:"/usr/bin/make" "cmTC_7ffad/fast"
/usr/bin/make -f CMakeFiles/cmTC_7ffad.dir/build.make CMakeFiles/cmTC_7ffad.dir/build
make[1]: Entering directory '/home/tue-me-minicar-laptop-02/hector_ws/build/CMakeFiles/CMakeTmp'
Building C object CMakeFiles/cmTC_7ffad.dir/CheckFunctionExists.c.o
/usr/bin/cc   -DCHECK_FUNCTION_EXISTS=pthread_create   -o CMakeFiles/cmTC_7ffad.dir/CheckFunctionExists.c.o   -c /usr/share/cmake-3.10/Modules/CheckFunctionExists.c
Linking C executable cmTC_7ffad
/usr/bin/cmake -E cmake_link_script CMakeFiles/cmTC_7ffad.dir/link.txt --verbose=1
/usr/bin/cc  -DCHECK_FUNCTION_EXISTS=pthread_create    -rdynamic CMakeFiles/cmTC_7ffad.dir/CheckFunctionExists.c.o  -o cmTC_7ffad -lpthreads 
/usr/bin/ld: cannot find -lpthreads
collect2: error: ld returned 1 exit status
CMakeFiles/cmTC_7ffad.dir/build.make:97: recipe for target 'cmTC_7ffad' failed
make[1]: *** [cmTC_7ffad] Error 1
make[1]: Leaving directory '/home/tue-me-minicar-laptop-02/hector_ws/build/CMakeFiles/CMakeTmp'
Makefile:126: recipe for target 'cmTC_7ffad/fast' failed
make: *** [cmTC_7ffad/fast] Error 2


Determining if the Q_WS_WIN exist failed with the following output:
Change Dir: /home/tue-me-minicar-laptop-02/hector_ws/build/CMakeFiles/CMakeTmp

Run Build Command:"/usr/bin/make" "cmTC_48f81/fast"
/usr/bin/make -f CMakeFiles/cmTC_48f81.dir/build.make CMakeFiles/cmTC_48f81.dir/build
make[1]: Entering directory '/home/tue-me-minicar-laptop-02/hector_ws/build/CMakeFiles/CMakeTmp'
Building CXX object CMakeFiles/cmTC_48f81.dir/CheckSymbolExists.cxx.o
/usr/bin/c++   -I/usr/include/qt4   -o CMakeFiles/cmTC_48f81.dir/CheckSymbolExists.cxx.o -c /home/tue-me-minicar-laptop-02/hector_ws/build/CMakeFiles/CMakeTmp/CheckSymbolExists.cxx
/home/tue-me-minicar-laptop-02/hector_ws/build/CMakeFiles/CMakeTmp/CheckSymbolExists.cxx: In function ‘int main(int, char**)’:
/home/tue-me-minicar-laptop-02/hector_ws/build/CMakeFiles/CMakeTmp/CheckSymbolExists.cxx:8:19: error: ‘Q_WS_WIN’ was not declared in this scope
   return ((int*)(&Q_WS_WIN))[argc];
                   ^~~~~~~~
/home/tue-me-minicar-laptop-02/hector_ws/build/CMakeFiles/CMakeTmp/CheckSymbolExists.cxx:8:19: note: suggested alternative: ‘Q_WS_X11’
   return ((int*)(&Q_WS_WIN))[argc];
                   ^~~~~~~~
                   Q_WS_X11
CMakeFiles/cmTC_48f81.dir/build.make:65: recipe for target 'CMakeFiles/cmTC_48f81.dir/CheckSymbolExists.cxx.o' failed
make[1]: *** [CMakeFiles/cmTC_48f81.dir/CheckSymbolExists.cxx.o] Error 1
make[1]: Leaving directory '/home/tue-me-minicar-laptop-02/hector_ws/build/CMakeFiles/CMakeTmp'
Makefile:126: recipe for target 'cmTC_48f81/fast' failed
make: *** [cmTC_48f81/fast] Error 2

File /home/tue-me-minicar-laptop-02/hector_ws/build/CMakeFiles/CMakeTmp/CheckSymbolExists.cxx:
/* */
#include <QtCore/qglobal.h>

int main(int argc, char** argv)
{
  (void)argv;
#ifndef Q_WS_WIN
  return ((int*)(&Q_WS_WIN))[argc];
#else
  (void)argc;
  return 0;
#endif
}

Determining if the Q_WS_QWS exist failed with the following output:
Change Dir: /home/tue-me-minicar-laptop-02/hector_ws/build/CMakeFiles/CMakeTmp

Run Build Command:"/usr/bin/make" "cmTC_04cee/fast"
/usr/bin/make -f CMakeFiles/cmTC_04cee.dir/build.make CMakeFiles/cmTC_04cee.dir/build
make[1]: Entering directory '/home/tue-me-minicar-laptop-02/hector_ws/build/CMakeFiles/CMakeTmp'
Building CXX object CMakeFiles/cmTC_04cee.dir/CheckSymbolExists.cxx.o
/usr/bin/c++   -I/usr/include/qt4   -o CMakeFiles/cmTC_04cee.dir/CheckSymbolExists.cxx.o -c /home/tue-me-minicar-laptop-02/hector_ws/build/CMakeFiles/CMakeTmp/CheckSymbolExists.cxx
/home/tue-me-minicar-laptop-02/hector_ws/build/CMakeFiles/CMakeTmp/CheckSymbolExists.cxx: In function ‘int main(int, char**)’:
/home/tue-me-minicar-laptop-02/hector_ws/build/CMakeFiles/CMakeTmp/CheckSymbolExists.cxx:8:19: error: ‘Q_WS_QWS’ was not declared in this scope
   return ((int*)(&Q_WS_QWS))[argc];
                   ^~~~~~~~
/home/tue-me-minicar-laptop-02/hector_ws/build/CMakeFiles/CMakeTmp/CheckSymbolExists.cxx:8:19: note: suggested alternative: ‘Q_WS_X11’
   return ((int*)(&Q_WS_QWS))[argc];
                   ^~~~~~~~
                   Q_WS_X11
CMakeFiles/cmTC_04cee.dir/build.make:65: recipe for target 'CMakeFiles/cmTC_04cee.dir/CheckSymbolExists.cxx.o' failed
make[1]: *** [CMakeFiles/cmTC_04cee.dir/CheckSymbolExists.cxx.o] Error 1
make[1]: Leaving directory '/home/tue-me-minicar-laptop-02/hector_ws/build/CMakeFiles/CMakeTmp'
Makefile:126: recipe for target 'cmTC_04cee/fast' failed
make: *** [cmTC_04cee/fast] Error 2

File /home/tue-me-minicar-laptop-02/hector_ws/build/CMakeFiles/CMakeTmp/CheckSymbolExists.cxx:
/* */
#include <QtCore/qglobal.h>

int main(int argc, char** argv)
{
  (void)argv;
#ifndef Q_WS_QWS
  return ((int*)(&Q_WS_QWS))[argc];
#else
  (void)argc;
  return 0;
#endif
}

Determining if the Q_WS_MAC exist failed with the following output:
Change Dir: /home/tue-me-minicar-laptop-02/hector_ws/build/CMakeFiles/CMakeTmp

Run Build Command:"/usr/bin/make" "cmTC_6bcef/fast"
/usr/bin/make -f CMakeFiles/cmTC_6bcef.dir/build.make CMakeFiles/cmTC_6bcef.dir/build
make[1]: Entering directory '/home/tue-me-minicar-laptop-02/hector_ws/build/CMakeFiles/CMakeTmp'
Building CXX object CMakeFiles/cmTC_6bcef.dir/CheckSymbolExists.cxx.o
/usr/bin/c++   -I/usr/include/qt4   -o CMakeFiles/cmTC_6bcef.dir/CheckSymbolExists.cxx.o -c /home/tue-me-minicar-laptop-02/hector_ws/build/CMakeFiles/CMakeTmp/CheckSymbolExists.cxx
/home/tue-me-minicar-laptop-02/hector_ws/build/CMakeFiles/CMakeTmp/CheckSymbolExists.cxx: In function ‘int main(int, char**)’:
/home/tue-me-minicar-laptop-02/hector_ws/build/CMakeFiles/CMakeTmp/CheckSymbolExists.cxx:8:19: error: ‘Q_WS_MAC’ was not declared in this scope
   return ((int*)(&Q_WS_MAC))[argc];
                   ^~~~~~~~
/home/tue-me-minicar-laptop-02/hector_ws/build/CMakeFiles/CMakeTmp/CheckSymbolExists.cxx:8:19: note: suggested alternative: ‘Q_WS_X11’
   return ((int*)(&Q_WS_MAC))[argc];
                   ^~~~~~~~
                   Q_WS_X11
CMakeFiles/cmTC_6bcef.dir/build.make:65: recipe for target 'CMakeFiles/cmTC_6bcef.dir/CheckSymbolExists.cxx.o' failed
make[1]: *** [CMakeFiles/cmTC_6bcef.dir/CheckSymbolExists.cxx.o] Error 1
make[1]: Leaving directory '/home/tue-me-minicar-laptop-02/hector_ws/build/CMakeFiles/CMakeTmp'
Makefile:126: recipe for target 'cmTC_6bcef/fast' failed
make: *** [cmTC_6bcef/fast] Error 2

File /home/tue-me-minicar-laptop-02/hector_ws/build/CMakeFiles/CMakeTmp/CheckSymbolExists.cxx:
/* */
#include <QtCore/qglobal.h>

int main(int argc, char** argv)
{
  (void)argv;
#ifndef Q_WS_MAC
  return ((int*)(&Q_WS_MAC))[argc];
#else
  (void)argc;
  return 0;
#endif
}

